<?xml version="1.0" encoding="UTF-8"?>
<!-- Generated by org.testng.reporters.JUnitReportReporter -->
<testsuite hostname="LAPTOP-R4HB7KO1" failures="0" tests="1" name="com.learning.computers.TC_DWS_010_Test" time="2.732" errors="0" timestamp="2025-01-28T11:59:41 IST" skipped="0">
  <testcase classname="com.learning.computers.TC_DWS_010_Test" name="clickOnComputers" time="2.732"/>
  <system-out/>
</testsuite> <!-- com.learning.computers.TC_DWS_010_Test -->
