<?xml version="1.0" encoding="UTF-8"?>
<!-- Generated by org.testng.reporters.JUnitReportReporter -->
<testsuite hostname="LAPTOP-R4HB7KO1" failures="0" tests="1" name="cart.TC_DWS_0021_Test" time="2.757" errors="0" timestamp="2025-01-29T11:53:07 IST" skipped="0">
  <testcase classname="cart.TC_DWS_0021_Test" name="addToCart" time="2.757"/>
  <system-out/>
</testsuite> <!-- cart.TC_DWS_0021_Test -->
